<?xml version="1.0" encoding="UTF-8"?>
<testsuite xmlns:xsi="http://www.w3.org/2001/XMLSchema-instance" xsi:noNamespaceSchemaLocation="https://maven.apache.org/surefire/maven-surefire-plugin/xsd/surefire-test-report.xsd" version="3.0.2" name="com.lpu.springbasic.SpringbasicApplicationTests" time="2.683" tests="1" errors="0" skipped="0" failures="0">
  <properties>
[...]
</properties>
  <testcase name="contextLoads" classname="com.lpu.springbasic.SpringbasicApplicationTests" time="0.722">
    <system-out><![CDATA[11:33:07.859 [main] INFO org.springframework.test.context.support.AnnotationConfigContextLoaderUtils -- Could not detect default configuration classes for test class [com.lpu.springbasic.SpringbasicApplicationTests]: SpringbasicApplicationTests does not declare any static, non-private, non-final, nested classes annotated with @Configuration.
11:33:08.007 [main] INFO org.springframework.boot.test.context.SpringBootTestContextBootstrapper -- Found @SpringBootConfiguration com.lpu.springbasic.SpringbasicApplication for test class com.lpu.springbasic.SpringbasicApplicationTests

  .   ____          _            __ _ _
 /\\ / ___'_ __ _ _(_)_ __  __ _ \ \ \ \
( ( )\___ | '_ | '_| | '_ \/ _` | \ \ \ \
 \\/  ___)| |_)| | | | | || (_| |  ) ) ) )
  '  |____| .__|_| |_|_| |_\__, | / / / /
 =========|_|==============|___/=/_/_/_/

 :: Spring Boot ::                (v4.0.2)

2026-02-18T11:33:08.465+05:30  INFO 7588 --- [springbasic] [           main] c.l.s.SpringbasicApplicationTests        : Starting SpringbasicApplicationTests using Java 21.0.5 with PID 7588 (started by pkm78 in A:\01.Programming\04. PEP Winter\Java Advance\springbasic)
2026-02-18T11:33:08.466+05:30  INFO 7588 --- [springbasic] [           main] c.l.s.SpringbasicApplicationTests        : No active profile set, falling back to 1 default profile: "default"
2026-02-18T11:33:09.569+05:30  INFO 7588 --- [springbasic] [           main] c.l.s.SpringbasicApplicationTests        : Started SpringbasicApplicationTests in 1.404 seconds (process running for 2.886)
]]></system-out>
    <system-err><![CDATA[Mockito is currently self-attaching to enable the inline-mock-maker. This will no longer work in future releases of the JDK. Please add Mockito as an agent to your build as described in Mockito's documentation: https://javadoc.io/doc/org.mockito/mockito-core/latest/org.mockito/org/mockito/Mockito.html#0.3
WARNING: A Java agent has been loaded dynamically (C:\Users\pkm78\.m2\repository\net\bytebuddy\byte-buddy-agent\1.17.8\byte-buddy-agent-1.17.8.jar)
WARNING: If a serviceability tool is in use, please run with -XX:+EnableDynamicAgentLoading to hide this warning
WARNING: If a serviceability tool is not in use, please run with -Djdk.instrument.traceUsage for more information
WARNING: Dynamic loading of agents will be disallowed by default in a future release
]]></system-err>
  </testcase>
</testsuite>